<?xml version="1.0" encoding="UTF-8"?>
<testsuite xmlns:xsi="http://www.w3.org/2001/XMLSchema-instance" xsi:noNamespaceSchemaLocation="https://maven.apache.org/surefire/maven-surefire-plugin/xsd/surefire-test-report.xsd" version="3.0.1" name="edu.pradita.oop.session05.AppTest" time="0.348" tests="3" errors="0" skipped="0" failures="0">
  <properties>
[...]
</properties>
  <testcase name="testDatabaseConnection" classname="edu.pradita.oop.session05.AppTest" time="0.281"/>
  <testcase name="testTableExists" classname="edu.pradita.oop.session05.AppTest" time="0.028"/>
  <testcase name="testFetchData" classname="edu.pradita.oop.session05.AppTest" time="0.006"/>
</testsuite>